Arguments: 
  C:\Program Files\nodejs\node.exe C:\Program Files (x86)\Yarn\bin\yarn.js run dev

PATH: 
  C:\Program Files (x86)\Common Files\Oracle\Java\javapath;C:\Program Files (x86)\Intel\iCLS Client\;C:\Program Files\Intel\iCLS Client\;C:\WINDOWS\system32;C:\WINDOWS;C:\WINDOWS\System32\Wbem;C:\WINDOWS\System32\WindowsPowerShell\v1.0\;C:\Program Files (x86)\Intel\Intel(R) Management Engine Components\DAL;C:\Program Files\Intel\Intel(R) Management Engine Components\DAL;C:\Program Files (x86)\Intel\Intel(R) Management Engine Components\IPT;C:\Program Files\Intel\Intel(R) Management Engine Components\IPT;C:\WINDOWS\System32\OpenSSH\;C:\ProgramData\chocolatey\bin;C:\Program Files\Git\cmd;C:\Program Files\nodejs\;C:\Program Files (x86)\Yarn\bin\;C:\Users\Harrison Pires\AppData\Local\Programs\Python\Python39\Scripts\;C:\Users\Harrison Pires\AppData\Local\Programs\Python\Python39\;C:\Users\Harrison Pires\AppData\Local\Microsoft\WindowsApps;%DASHLANE_DLL_DIR%;;C:\Users\Harrison Pires\AppData\Local\Programs\Microsoft VS Code\bin;C:\Users\Harrison Pires\AppData\Roaming\npm;C:\Users\Harrison Pires\AppData\Local\Yarn\bin

Yarn version: 
  1.22.5

Node version: 
  14.18.0

Platform: 
  win32 x64

Trace: 
  SyntaxError: C:\Users\Harrison Pires\Documents\Hp\WEB\nodejs\package.json: Unexpected string in JSON at position 164
      at JSON.parse (<anonymous>)
      at C:\Program Files (x86)\Yarn\lib\cli.js:1625:59
      at Generator.next (<anonymous>)
      at step (C:\Program Files (x86)\Yarn\lib\cli.js:310:30)
      at C:\Program Files (x86)\Yarn\lib\cli.js:321:13

npm manifest: 
  {
    "name": "nodejs",
    "version": "1.0.0",
    "description": "",
    "main": "index.js",
    "scripts": {
      "test": "echo \"Error: no test specified\" && exit 1"
      "dev": "nodemon server.js"
    },
    "keywords": [],
    "author": "",
    "license": "ISC",
    "dependencies": {
      "express": "^4.17.1"
    },
    "devDependencies": {
      "nodemon": "^2.0.13"
    }
  }

yarn manifest: 
  No manifest

Lockfile: 
  No lockfile
